<?xml version="1.0" encoding="UTF-8"?>
<!-- Generated by org.testng.reporters.JUnitReportReporter -->
<testsuite hostname="Invicta-21" failures="0" tests="1" name="com.invicta.qa.testcases.sbu.AddSbuinitialTestCases" time="85.811" errors="0" timestamp="19 Feb 2023 01:59:04 GMT" skipped="0">
  <testcase classname="com.invicta.qa.testcases.sbu.AddSbuinitialTestCases" name="testcase" time="85.811"/>
</testsuite> <!-- com.invicta.qa.testcases.sbu.AddSbuinitialTestCases -->
