<?xml version="1.0" encoding="UTF-8"?>
<!-- Generated by org.testng.reporters.JUnitReportReporter -->
<testsuite hostname="Invicta-21" failures="0" tests="1" name="com.invicta.qa.testcases.login.LoginTest" time="6.575" errors="0" timestamp="20 Feb 2023 03:19:37 GMT" skipped="0">
  <testcase classname="com.invicta.qa.testcases.login.LoginTest" name="Login" time="6.575"/>
</testsuite> <!-- com.invicta.qa.testcases.login.LoginTest -->
