<?xml version="1.0" encoding="UTF-8"?>
<!-- Generated by org.testng.reporters.JUnitReportReporter -->
<testsuite hostname="Invicta-21" failures="0" tests="1" name="com.invicta.qa.testcases.dashboard.DashboardTest" time="4.493" errors="0" timestamp="20 Feb 2023 03:19:37 GMT" skipped="0">
  <testcase classname="com.invicta.qa.testcases.dashboard.DashboardTest" name="Dashboard" time="4.493"/>
</testsuite> <!-- com.invicta.qa.testcases.dashboard.DashboardTest -->
