<?xml version="1.0" encoding="UTF-8"?>
<!-- Generated by org.testng.reporters.JUnitReportReporter -->
<testsuite hostname="DESKTOP-GV08RS0" failures="0" tests="1" name="com.invicta.qa.testcases.sbu.AddSbuUITest" time="0.481" errors="0" timestamp="17 Feb 2023 07:59:36 GMT" skipped="0">
  <testcase classname="com.invicta.qa.testcases.sbu.AddSbuUITest" name="addsbubutton" time="0.481"/>
</testsuite> <!-- com.invicta.qa.testcases.sbu.AddSbuUITest -->
