<?xml version="1.0" encoding="UTF-8"?>
<!-- Generated by org.testng.reporters.JUnitReportReporter -->
<testsuite hostname="Invicta-21" failures="0" tests="3" name="com.invicta.qa.testcases.sbu.Testreportingmethdos" time="0.130" errors="0" timestamp="19 Feb 2023 02:25:18 GMT" skipped="0">
  <testcase classname="com.invicta.qa.testcases.sbu.Testreportingmethdos" name="position" time="0.077"/>
  <testcase classname="com.invicta.qa.testcases.sbu.Testreportingmethdos" name="size" time="0.026"/>
  <testcase classname="com.invicta.qa.testcases.sbu.Testreportingmethdos" name="colour" time="0.027"/>
</testsuite> <!-- com.invicta.qa.testcases.sbu.Testreportingmethdos -->
