<?xml version="1.0" encoding="UTF-8"?>
<!-- Generated by org.testng.reporters.JUnitReportReporter -->
<testsuite hostname="Invicta-21" failures="0" tests="6" name="com.invicta.qa.testcases.sbu.AddSbuUITest" time="12.213" errors="0" timestamp="15 Feb 2023 14:11:13 GMT" skipped="0">
  <testcase classname="com.invicta.qa.testcases.sbu.AddSbuUITest" name="addsbubutton" time="0.361"/>
  <testcase classname="com.invicta.qa.testcases.sbu.AddSbuUITest" name="addsbutext" time="0.713"/>
  <testcase classname="com.invicta.qa.testcases.sbu.AddSbuUITest" name="sbutext" time="0.683"/>
  <testcase classname="com.invicta.qa.testcases.sbu.AddSbuUITest" name="description" time="0.714"/>
  <testcase classname="com.invicta.qa.testcases.sbu.AddSbuUITest" name="sbutextbox" time="6.401"/>
  <testcase classname="com.invicta.qa.testcases.sbu.AddSbuUITest" name="descriptiontextbox" time="3.341"/>
</testsuite> <!-- com.invicta.qa.testcases.sbu.AddSbuUITest -->
