<?xml version="1.0" encoding="UTF-8"?>
<!-- Generated by org.testng.reporters.JUnitReportReporter -->
<testsuite hostname="DESKTOP-GV08RS0" failures="0" tests="1" name="com.invicta.qa.testcases.sbu.DeleteTeach" time="10.271" errors="0" timestamp="16 Feb 2023 10:55:50 GMT" skipped="0">
  <testcase classname="com.invicta.qa.testcases.sbu.DeleteTeach" name="test" time="10.271"/>
</testsuite> <!-- com.invicta.qa.testcases.sbu.DeleteTeach -->
