<?xml version="1.0" encoding="UTF-8"?>
<!-- Generated by org.testng.reporters.JUnitReportReporter -->
<testsuite hostname="Invicta-21" failures="0" tests="2" name="com.invicta.qa.testcases.sbu.AddSBUProper" time="15.004" errors="0" timestamp="17 Feb 2023 04:43:10 GMT" skipped="0">
  <testcase classname="com.invicta.qa.testcases.sbu.AddSBUProper" name="addDataIntoSbu" time="14.908"/>
  <testcase classname="com.invicta.qa.testcases.sbu.AddSBUProper" name="checkLastAddvalue" time="0.096"/>
</testsuite> <!-- com.invicta.qa.testcases.sbu.AddSBUProper -->
