<?xml version="1.0" encoding="UTF-8"?>
<!-- Generated by org.testng.reporters.JUnitReportReporter -->
<testsuite hostname="DESKTOP-GV08RS0" failures="0" tests="1" name="com.invicta.qa.testcases.sbu.TestCase_AddSBU" time="56.473" errors="0" timestamp="2023-02-20T09:04:44 IST" skipped="0">
  <testcase classname="com.invicta.qa.testcases.sbu.TestCase_AddSBU" name="FinalTest" time="56.473"/>
  <system-out/>
</testsuite> <!-- com.invicta.qa.testcases.sbu.TestCase_AddSBU -->
