<?xml version="1.0" encoding="UTF-8"?>
<!-- Generated by org.testng.reporters.JUnitReportReporter -->
<testsuite hostname="DESKTOP-GV08RS0" failures="0" tests="6" name="com.invicta.qa.testcases.sbu.DeleteSbuFunTest" time="156.766" errors="0" timestamp="16 Feb 2023 10:45:00 GMT" skipped="0">
  <testcase classname="com.invicta.qa.testcases.sbu.DeleteSbuFunTest" name="DeleteSbuClickable" time="5.918"/>
  <testcase classname="com.invicta.qa.testcases.sbu.DeleteSbuFunTest" name="DeleteSbuCancelButtonClick" time="5.876"/>
  <testcase classname="com.invicta.qa.testcases.sbu.DeleteSbuFunTest" name="DeleteSbuCancelButtonOutside" time="5.685"/>
  <testcase classname="com.invicta.qa.testcases.sbu.DeleteSbuFunTest" name="NonLinkedSbuDelete" time="45.749"/>
  <testcase classname="com.invicta.qa.testcases.sbu.DeleteSbuFunTest" name="LinkedSbuDelete02" time="46.804"/>
  <testcase classname="com.invicta.qa.testcases.sbu.DeleteSbuFunTest" name="LinkedSbuDelete" time="46.734"/>
</testsuite> <!-- com.invicta.qa.testcases.sbu.DeleteSbuFunTest -->
